<?xml version="1.0" encoding="UTF-8"?>
<testsuite xmlns:xsi="http://www.w3.org/2001/XMLSchema-instance" xsi:noNamespaceSchemaLocation="https://maven.apache.org/surefire/maven-surefire-plugin/xsd/surefire-test-report.xsd" version="3.0.2" name="com.company.upgradefactory.app.AssessmentControllerSmokeTest" time="5.27" tests="1" errors="0" skipped="0" failures="0">
  <properties>
[...]
</properties>
  <testcase name="contextLoads" classname="com.company.upgradefactory.app.AssessmentControllerSmokeTest" time="0.016">
    <system-out><![CDATA[2026-03-25T22:43:55.987+08:00  INFO 21712 --- [upgrade-factory-app] [           main] t.c.s.AnnotationConfigContextLoaderUtils : Could not detect default configuration classes for test class [com.company.upgradefactory.app.AssessmentControllerSmokeTest]: AssessmentControllerSmokeTest does not declare any static, non-private, non-final, nested classes annotated with @Configuration.
2026-03-25T22:43:56.001+08:00  INFO 21712 --- [upgrade-factory-app] [           main] .b.t.c.SpringBootTestContextBootstrapper : Found @SpringBootConfiguration com.company.upgradefactory.app.UpgradeFactoryApplication for test class com.company.upgradefactory.app.AssessmentControllerSmokeTest

  .   ____          _            __ _ _
 /\\ / ___'_ __ _ _(_)_ __  __ _ \ \ \ \
( ( )\___ | '_ | '_| | '_ \/ _` | \ \ \ \
 \\/  ___)| |_)| | | | | || (_| |  ) ) ) )
  '  |____| .__|_| |_|_| |_\__, | / / / /
 =========|_|==============|___/=/_/_/_/

 :: Spring Boot ::               (v3.5.12)

2026-03-25T22:43:56.203+08:00  INFO 21712 --- [upgrade-factory-app] [           main] c.c.u.app.AssessmentControllerSmokeTest  : Starting AssessmentControllerSmokeTest using Java 21.0.9 with PID 21712 (started by surface pro in D:\Programming\Cursor_workspace\upgrade_mcp_factory\upgrade-factory-mcp\upgrade-factory-mcp\upgrade-factory-app)
2026-03-25T22:43:56.205+08:00  INFO 21712 --- [upgrade-factory-app] [           main] c.c.u.app.AssessmentControllerSmokeTest  : No active profile set, falling back to 1 default profile: "default"
2026-03-25T22:44:00.732+08:00  INFO 21712 --- [upgrade-factory-app] [           main] o.s.b.a.e.web.EndpointLinksResolver      : Exposing 2 endpoints beneath base path '/actuator'
2026-03-25T22:44:00.908+08:00  INFO 21712 --- [upgrade-factory-app] [           main] c.c.u.app.AssessmentControllerSmokeTest  : Started AssessmentControllerSmokeTest in 4.873 seconds (process running for 19.317)
]]></system-out>
  </testcase>
</testsuite>